2025-12-13 17:47:41 Raw Input: 
2025-12-13 17:47:41 POST: Array
(
)

Error: No credential found. Input: 
2025-12-13 17:50:47 Raw Input: 
2025-12-13 17:50:47 POST: Array
(
)

Error: No credential found. Input: 
2025-12-13 17:53:39 Raw Input: 
2025-12-13 17:53:39 POST: Array
(
)

Error: No credential found. Input: 
2025-12-13 17:53:49 Raw Input: 
2025-12-13 17:53:49 POST: Array
(
)

Error: No credential found. Input: 
2025-12-13 21:39:49 Raw Input: 
2025-12-13 21:39:49 POST: Array
(
)

Error: No credential found. Input: 
2025-12-13 21:40:05 Raw Input: 
2025-12-13 21:40:05 POST: Array
(
)

Error: No credential found. Input: 
2025-12-13 21:43:10 Raw Input: {"credential":"eyJhbGciOiJSUzI1NiIsImtpZCI6IjEzMGZkY2VmY2M4ZWQ3YmU2YmVkZmE2ZmM4Nzk3MjIwNDBjOTJiMzgiLCJ0eXAiOiJKV1QifQ.eyJpc3MiOiJodHRwczovL2FjY291bnRzLmdvb2dsZS5jb20iLCJhenAiOiI0ODU2ODExODUyMzgtMThsNWowYXRvaGI5YXViZ3ZlYXVjcDdyNWwwY2ZrNnEuYXBwcy5nb29nbGV1c2VyY29udGVudC5jb20iLCJhdWQiOiI0ODU2ODExODUyMzgtMThsNWowYXRvaGI5YXViZ3ZlYXVjcDdyNWwwY2ZrNnEuYXBwcy5nb29nbGV1c2VyY29udGVudC5jb20iLCJzdWIiOiIxMDU2NTE1MTA3MjU0OTMyNzY2MjQiLCJlbWFpbCI6Imsubm9ndWNoaTIwMDVAZ21haWwuY29tIiwiZW1haWxfdmVyaWZpZWQiOnRydWUsIm5iZiI6MTc2NTYyOTQ4OSwibmFtZSI6IumHjuWPo-aBreS7iyIsInBpY3R1cmUiOiJodHRwczovL2xoMy5nb29nbGV1c2VyY29udGVudC5jb20vYS9BQ2c4b2NJMkxEcExaY25iaFFkb3NST2pmUTNWcjBRaU1xY3doV3E2QmFQMWVKYjBId1pJbUt3PXM5Ni1jIiwiZ2l2ZW5fbmFtZSI6IuaBreS7iyIsImZhbWlseV9uYW1lIjoi6YeO5Y-jIiwiaWF0IjoxNzY1NjI5Nzg5LCJleHAiOjE3NjU2MzMzODksImp0aSI6ImQ0MWE1MGE2NTA0MjQyYTg5ZjMwNDE0NGIyYjk0ZGUyOGY0MjBjYWMifQ.DDM7WA56JX0ggsiNxie54HPinAO_Gi3rU1RoUTrZ56E1gX0mnldJ-M6lTn-H2tdN5JHTo3tXGoMTBsJ8PZ2fF3Vz9Vj-Eo9LTHRM8SdIBaoMAVcmUNpUIdCwQxvhqbG5-c8fjzBBmrSYtssoI4nRSW9c2Q1ylieGkrUgJXSj8Jvx8yrkrkljPCf03uueerYwwJIRPSZFgbQfYEiSAYf1xEwwS3aiYeqb1D0wZoBNqAL2eE4kZyg9p2LODOv3YjrpgavVrBBCqqWziGc3fhNglCTezEWjJ05PiET-_ZoJ7sHWy4FCBXADcz46CeucPIoJir0FyaeApM-BJ4s2FqIRGQ"}
2025-12-13 21:43:10 POST: Array
(
)

2025-12-13 21:54:22 Raw Input: {"credential":"eyJhbGciOiJSUzI1NiIsImtpZCI6IjEzMGZkY2VmY2M4ZWQ3YmU2YmVkZmE2ZmM4Nzk3MjIwNDBjOTJiMzgiLCJ0eXAiOiJKV1QifQ.eyJpc3MiOiJodHRwczovL2FjY291bnRzLmdvb2dsZS5jb20iLCJhenAiOiI0ODU2ODExODUyMzgtMThsNWowYXRvaGI5YXViZ3ZlYXVjcDdyNWwwY2ZrNnEuYXBwcy5nb29nbGV1c2VyY29udGVudC5jb20iLCJhdWQiOiI0ODU2ODExODUyMzgtMThsNWowYXRvaGI5YXViZ3ZlYXVjcDdyNWwwY2ZrNnEuYXBwcy5nb29nbGV1c2VyY29udGVudC5jb20iLCJzdWIiOiIxMDU2NTE1MTA3MjU0OTMyNzY2MjQiLCJlbWFpbCI6Imsubm9ndWNoaTIwMDVAZ21haWwuY29tIiwiZW1haWxfdmVyaWZpZWQiOnRydWUsIm5iZiI6MTc2NTYzMDE1OSwibmFtZSI6IumHjuWPo-aBreS7iyIsInBpY3R1cmUiOiJodHRwczovL2xoMy5nb29nbGV1c2VyY29udGVudC5jb20vYS9BQ2c4b2NJMkxEcExaY25iaFFkb3NST2pmUTNWcjBRaU1xY3doV3E2QmFQMWVKYjBId1pJbUt3PXM5Ni1jIiwiZ2l2ZW5fbmFtZSI6IuaBreS7iyIsImZhbWlseV9uYW1lIjoi6YeO5Y-jIiwiaWF0IjoxNzY1NjMwNDU5LCJleHAiOjE3NjU2MzQwNTksImp0aSI6ImZmOTU2YWYwYWVhM2NiMTcyYzlkNDg1NjM1NzAxYzg2Yzk0NjFmMTQifQ.e8xxtdimxf6D42Hq9ISk1vLzcqPfRBxoJBb4QqH24vqsZzyr2gFxVO_fNrCOsEFfJDBGM3E6tCdHrdIXo_bL31NTv93wpS8THr9Amo7Edj3rnpiNOddQ6ap6OaGGORUNoYLYCCu7Ler8WdQ5aBiVk7iDwMGSLOGdNLu8NHalmqt6dy-lVy6Zi8d5pPHbit8SXFvai4dykDuynktUyIUnYZbm_Xxlmr5mC_vhyptpSgP67aTvO1rrUwNoKfAh3gDZ86gUZckcfyJ0Z13S_3xs3I2OEFrU8BphaGSr4oMTjqZ_G7ZpSPYfhmi_WiYbKNTp7nPfdJGbI0YcZB6dUI3fdQ"}
2025-12-13 21:54:22 POST: Array
(
)

2025-12-13 21:55:48 Raw Input: {"credential":"eyJhbGciOiJSUzI1NiIsImtpZCI6IjEzMGZkY2VmY2M4ZWQ3YmU2YmVkZmE2ZmM4Nzk3MjIwNDBjOTJiMzgiLCJ0eXAiOiJKV1QifQ.eyJpc3MiOiJodHRwczovL2FjY291bnRzLmdvb2dsZS5jb20iLCJhenAiOiI0ODU2ODExODUyMzgtMThsNWowYXRvaGI5YXViZ3ZlYXVjcDdyNWwwY2ZrNnEuYXBwcy5nb29nbGV1c2VyY29udGVudC5jb20iLCJhdWQiOiI0ODU2ODExODUyMzgtMThsNWowYXRvaGI5YXViZ3ZlYXVjcDdyNWwwY2ZrNnEuYXBwcy5nb29nbGV1c2VyY29udGVudC5jb20iLCJzdWIiOiIxMDU2NTE1MTA3MjU0OTMyNzY2MjQiLCJlbWFpbCI6Imsubm9ndWNoaTIwMDVAZ21haWwuY29tIiwiZW1haWxfdmVyaWZpZWQiOnRydWUsIm5iZiI6MTc2NTYzMDI0NywibmFtZSI6IumHjuWPo-aBreS7iyIsInBpY3R1cmUiOiJodHRwczovL2xoMy5nb29nbGV1c2VyY29udGVudC5jb20vYS9BQ2c4b2NJMkxEcExaY25iaFFkb3NST2pmUTNWcjBRaU1xY3doV3E2QmFQMWVKYjBId1pJbUt3PXM5Ni1jIiwiZ2l2ZW5fbmFtZSI6IuaBreS7iyIsImZhbWlseV9uYW1lIjoi6YeO5Y-jIiwiaWF0IjoxNzY1NjMwNTQ3LCJleHAiOjE3NjU2MzQxNDcsImp0aSI6IjI4ZWFmYjMxNmM1YTg0NjM3M2Y2OGU1ZDI3YTUzMjM0ODIxZjE4ZTcifQ.GEfMwVNxXKfz72NzcAskM9s0Inb7xJqrATfOkI2NHg2KD23ThJqVs8xD_j5Lkjhk4od4dTuSyHuPd4BDfBO-Ba14KCIfAaGPyA2vF6mDWiKu7h8Xu3ieObBEIm_uUBukhbmxRprKaqSOSGQaYjtKEsXuS-52g8x3vuaz_yDK7OgCzc0j9ZZ2RG9s6NBKV59z8BHP8LnHf9w7zvhZ-YWqamNsn6jSsoSG3g7IkbsFEi9vj_xbD7vTquxG7PX3XnjXzFTkRWfS_E5emGffw3_Cxg-FSAejNbiwr-NE1t18HcJztGmdp1QHXfFBhzNE9i58zD-8h8j4-PIbtKfL_n9A6w"}
2025-12-13 21:55:48 POST: Array
(
)

2025-12-13 22:02:07 Raw Input: {"credential":"eyJhbGciOiJSUzI1NiIsImtpZCI6IjEzMGZkY2VmY2M4ZWQ3YmU2YmVkZmE2ZmM4Nzk3MjIwNDBjOTJiMzgiLCJ0eXAiOiJKV1QifQ.eyJpc3MiOiJodHRwczovL2FjY291bnRzLmdvb2dsZS5jb20iLCJhenAiOiI0ODU2ODExODUyMzgtMThsNWowYXRvaGI5YXViZ3ZlYXVjcDdyNWwwY2ZrNnEuYXBwcy5nb29nbGV1c2VyY29udGVudC5jb20iLCJhdWQiOiI0ODU2ODExODUyMzgtMThsNWowYXRvaGI5YXViZ3ZlYXVjcDdyNWwwY2ZrNnEuYXBwcy5nb29nbGV1c2VyY29udGVudC5jb20iLCJzdWIiOiIxMTY5NDE3NzQ5NjAyMTEwNTAyODYiLCJlbWFpbCI6Imt5b3VjaGkyd0BnbWFpbC5jb20iLCJlbWFpbF92ZXJpZmllZCI6dHJ1ZSwibmJmIjoxNzY1NjMwNjI1LCJuYW1lIjoi44K044OW44Gu5YG954mpIiwicGljdHVyZSI6Imh0dHBzOi8vbGgzLmdvb2dsZXVzZXJjb250ZW50LmNvbS9hL0FDZzhvY0lOQkFWcEQ1MkxqMHNadUhDTDAzOUVjVlFBTTRmSnNxbExNX3VjaDByVFpFUjRESGc9czk2LWMiLCJnaXZlbl9uYW1lIjoi44Gu5YG954mpIiwiZmFtaWx5X25hbWUiOiLjgrTjg5YiLCJpYXQiOjE3NjU2MzA5MjUsImV4cCI6MTc2NTYzNDUyNSwianRpIjoiNjBjZTg0OGYyODM2MGNkMGRmZGZmN2E0ZDlhZTJlZDlmOWYyOWU0MiJ9.de3lVcjMGT50vxnGuePr6JnzAUVQ8yjvQ3_2vu55MYUnh2_oHJ-4op7BCDY81F0k99z9jmLqpEOpUQIoCIZ7VKQnaBs2LlnpnL756Hk-kaEU3kKZofFEQ0_IUAJEb046kyGNIXyghrcbXCKY6z8kto7S2dHmQJz9t5TttUV7OJoFfm2S0qP2g4E_ATpR6bk2S5cetokBTDTcB8xqgRecQS-qjIaJn1OCsNlcFAaHDFoyFJvV5L250a1qXNx9bWskw3JQYxgaHITSJCXmSx6HCRT7YuV_w-E2-ZNJr2X38jl-5XZomthLYBEMKhuFhTeTagGSAoOJNsca2TpGzpOjBA"}
2025-12-13 22:02:07 POST: Array
(
)

2025-12-13 22:06:37 Raw Input: {"credential":"eyJhbGciOiJSUzI1NiIsImtpZCI6IjEzMGZkY2VmY2M4ZWQ3YmU2YmVkZmE2ZmM4Nzk3MjIwNDBjOTJiMzgiLCJ0eXAiOiJKV1QifQ.eyJpc3MiOiJodHRwczovL2FjY291bnRzLmdvb2dsZS5jb20iLCJhenAiOiI0ODU2ODExODUyMzgtMThsNWowYXRvaGI5YXViZ3ZlYXVjcDdyNWwwY2ZrNnEuYXBwcy5nb29nbGV1c2VyY29udGVudC5jb20iLCJhdWQiOiI0ODU2ODExODUyMzgtMThsNWowYXRvaGI5YXViZ3ZlYXVjcDdyNWwwY2ZrNnEuYXBwcy5nb29nbGV1c2VyY29udGVudC5jb20iLCJzdWIiOiIxMDU2NTE1MTA3MjU0OTMyNzY2MjQiLCJlbWFpbCI6Imsubm9ndWNoaTIwMDVAZ21haWwuY29tIiwiZW1haWxfdmVyaWZpZWQiOnRydWUsIm5iZiI6MTc2NTYzMDg5NSwibmFtZSI6IumHjuWPo-aBreS7iyIsInBpY3R1cmUiOiJodHRwczovL2xoMy5nb29nbGV1c2VyY29udGVudC5jb20vYS9BQ2c4b2NJMkxEcExaY25iaFFkb3NST2pmUTNWcjBRaU1xY3doV3E2QmFQMWVKYjBId1pJbUt3PXM5Ni1jIiwiZ2l2ZW5fbmFtZSI6IuaBreS7iyIsImZhbWlseV9uYW1lIjoi6YeO5Y-jIiwiaWF0IjoxNzY1NjMxMTk1LCJleHAiOjE3NjU2MzQ3OTUsImp0aSI6ImFmODFmNjY0YmUyN2FlMzAzNGMwYmVkYzA2NGJmZDBhYzY4NzgyZWQifQ.E584J6A4FVd8Hmb2cJmozsmUT_OXdju82jePfjKRxqi2ammyrrDeYGF9NeiBmaNd4XjmLY6k23xDyYSh6Wi-VPzcxKb-9P_XuGsonCh7Qy-r9U4p8a8P4LO5WTMc5bB4R3qXyzmbH_us79sWb0UWzG-Y3w33uyNehA1MjJZlHnlHoP01SiZV40wHGDcLgV46zeuB2zpWG0x2a0ekXzD9P6omDg8P-sVifNyibiWYydwcpesAj6FtJp5rcSRH8vHCMBnffaFHlDFvwkoRMovVqW7ctduDQE1HsTx-7RwGsX5gRzu69W75fAgBYmVyBAZt3Km9KHuddi6QebMGX0Sj5Q"}
2025-12-13 22:06:37 POST: Array
(
)

2025-12-13 22:13:36 Raw Input: {"credential":"eyJhbGciOiJSUzI1NiIsImtpZCI6IjEzMGZkY2VmY2M4ZWQ3YmU2YmVkZmE2ZmM4Nzk3MjIwNDBjOTJiMzgiLCJ0eXAiOiJKV1QifQ.eyJpc3MiOiJodHRwczovL2FjY291bnRzLmdvb2dsZS5jb20iLCJhenAiOiI0ODU2ODExODUyMzgtMThsNWowYXRvaGI5YXViZ3ZlYXVjcDdyNWwwY2ZrNnEuYXBwcy5nb29nbGV1c2VyY29udGVudC5jb20iLCJhdWQiOiI0ODU2ODExODUyMzgtMThsNWowYXRvaGI5YXViZ3ZlYXVjcDdyNWwwY2ZrNnEuYXBwcy5nb29nbGV1c2VyY29udGVudC5jb20iLCJzdWIiOiIxMDU2NTE1MTA3MjU0OTMyNzY2MjQiLCJlbWFpbCI6Imsubm9ndWNoaTIwMDVAZ21haWwuY29tIiwiZW1haWxfdmVyaWZpZWQiOnRydWUsIm5iZiI6MTc2NTYzMTMxNSwibmFtZSI6IumHjuWPo-aBreS7iyIsInBpY3R1cmUiOiJodHRwczovL2xoMy5nb29nbGV1c2VyY29udGVudC5jb20vYS9BQ2c4b2NJMkxEcExaY25iaFFkb3NST2pmUTNWcjBRaU1xY3doV3E2QmFQMWVKYjBId1pJbUt3PXM5Ni1jIiwiZ2l2ZW5fbmFtZSI6IuaBreS7iyIsImZhbWlseV9uYW1lIjoi6YeO5Y-jIiwiaWF0IjoxNzY1NjMxNjE1LCJleHAiOjE3NjU2MzUyMTUsImp0aSI6IjY4OTI2Zjg1ZjE3ZjM2NjllZTYxY2MxMGYwNWI4ZDBiMTFiYmUzMjgifQ.ZaZJIFzfS9Op4eG8W-22pei11_o1dLEgFHTkyvimMs1haNdioH6YPxoLVxidU-tYNB9W4I80sAZAxpCR5lTlsMKpyD2UO0JaVsFrkYJSux7pnBHKoNuL-77nSNbgAhOj58KaHJizUtldLMPzP-Z0EOphXyn0eS4sgdNwJKq8t-7Hvhpp9dEi2En_TkKzo0IqcelT5YA1u6GEmEONpNOz45M0dj2WQybQsJeJZQU_VZ8nI8Lv4E_aC3KQRUnhSnNZ4xn_3kzP2X9stP3o4bk2aRplIJTNcMc7M-acmUvOSyTjawKoA_cADZkjD4exsnzlHlK9-Xi6_0SqDcZ7U5cBsA"}
2025-12-13 22:13:36 POST: Array
(
)

2025-12-13 22:14:40 Raw Input: {"credential":"eyJhbGciOiJSUzI1NiIsImtpZCI6IjEzMGZkY2VmY2M4ZWQ3YmU2YmVkZmE2ZmM4Nzk3MjIwNDBjOTJiMzgiLCJ0eXAiOiJKV1QifQ.eyJpc3MiOiJodHRwczovL2FjY291bnRzLmdvb2dsZS5jb20iLCJhenAiOiI0ODU2ODExODUyMzgtMThsNWowYXRvaGI5YXViZ3ZlYXVjcDdyNWwwY2ZrNnEuYXBwcy5nb29nbGV1c2VyY29udGVudC5jb20iLCJhdWQiOiI0ODU2ODExODUyMzgtMThsNWowYXRvaGI5YXViZ3ZlYXVjcDdyNWwwY2ZrNnEuYXBwcy5nb29nbGV1c2VyY29udGVudC5jb20iLCJzdWIiOiIxMTY5NDE3NzQ5NjAyMTEwNTAyODYiLCJlbWFpbCI6Imt5b3VjaGkyd0BnbWFpbC5jb20iLCJlbWFpbF92ZXJpZmllZCI6dHJ1ZSwibmJmIjoxNzY1NjMxMzc4LCJuYW1lIjoi44K044OW44Gu5YG954mpIiwicGljdHVyZSI6Imh0dHBzOi8vbGgzLmdvb2dsZXVzZXJjb250ZW50LmNvbS9hL0FDZzhvY0lOQkFWcEQ1MkxqMHNadUhDTDAzOUVjVlFBTTRmSnNxbExNX3VjaDByVFpFUjRESGc9czk2LWMiLCJnaXZlbl9uYW1lIjoi44Gu5YG954mpIiwiZmFtaWx5X25hbWUiOiLjgrTjg5YiLCJpYXQiOjE3NjU2MzE2NzgsImV4cCI6MTc2NTYzNTI3OCwianRpIjoiNDBhYWE0NWY3OTA5MThhNzM1NDFlMzExMWNiMjkxYTE1M2EyMzU5MyJ9.RZRv_WFVE_zXX8E8QJqc1j0rYuuagAzhhZMOIyOydP-3kPaZCkKlUIcmzh6GePoT0g6ZTUVLU-qgG8J094kCS3EwBp52qsrf85gTl4xr5yThwaVIpic-bw8foT54CeJiXkjlrhdEsV_ra1xm7kz7PC4TrrIeLrr19DtJ5jTddh_HGrR7mjvhSkh8qcdrDZEPriItfE0aEcMTIwf47_HD9fHfUedl634vwkz8ETSeoltk-cdDF6bv-rT-xsvX_Uy8qmkb1-Rjr8pVFonSulY90f0UtGZDNxjeSni0xKmdIoN5vTvJEONS7vsDJWnehrd3KJ9ld8i51H2xYcHnAUjScw"}
2025-12-13 22:14:40 POST: Array
(
)

2025-12-13 23:03:27 Raw Input: {"credential":"eyJhbGciOiJSUzI1NiIsImtpZCI6IjEzMGZkY2VmY2M4ZWQ3YmU2YmVkZmE2ZmM4Nzk3MjIwNDBjOTJiMzgiLCJ0eXAiOiJKV1QifQ.eyJpc3MiOiJodHRwczovL2FjY291bnRzLmdvb2dsZS5jb20iLCJhenAiOiI0ODU2ODExODUyMzgtMThsNWowYXRvaGI5YXViZ3ZlYXVjcDdyNWwwY2ZrNnEuYXBwcy5nb29nbGV1c2VyY29udGVudC5jb20iLCJhdWQiOiI0ODU2ODExODUyMzgtMThsNWowYXRvaGI5YXViZ3ZlYXVjcDdyNWwwY2ZrNnEuYXBwcy5nb29nbGV1c2VyY29udGVudC5jb20iLCJzdWIiOiIxMDU2NTE1MTA3MjU0OTMyNzY2MjQiLCJlbWFpbCI6Imsubm9ndWNoaTIwMDVAZ21haWwuY29tIiwiZW1haWxfdmVyaWZpZWQiOnRydWUsIm5iZiI6MTc2NTYzNDMwNiwibmFtZSI6IumHjuWPo-aBreS7iyIsInBpY3R1cmUiOiJodHRwczovL2xoMy5nb29nbGV1c2VyY29udGVudC5jb20vYS9BQ2c4b2NJMkxEcExaY25iaFFkb3NST2pmUTNWcjBRaU1xY3doV3E2QmFQMWVKYjBId1pJbUt3PXM5Ni1jIiwiZ2l2ZW5fbmFtZSI6IuaBreS7iyIsImZhbWlseV9uYW1lIjoi6YeO5Y-jIiwiaWF0IjoxNzY1NjM0NjA2LCJleHAiOjE3NjU2MzgyMDYsImp0aSI6ImIzNTMwMWFlNzc5MGE5YTFhYjVhMzQyYjQ1YjI0YjRmODY1MWE1ZWMifQ.ZvJlxCykX0OAnx4T5PYb_fGi0RPQ7zRupmuVTjfIBCO2AGdo2tpzo5yIyx41h1moreYlgNuWNUAj-qHDQ09yNi4lGSGSr436ZQHvnlzMRux5Ux5U88onwC75YhxtI4zBtxVHnLlKcOnwnn84CyYEKvK1Kxvsrnj21ZWCTCj1XHJVl2ieyr4gqr-8LfiUdwZIfUaaN8AY2hNYvjNFJOyaE859Pwai8Tq3gwiUoqP0-qUWM8a9p8BD1q4L9MIHi8T8inp0WPOw998UkVsmd-OP3MOUzEU42Id_JDUkZa9EG8WLgnelp6Zw3UgkTF-cTTNhL-aFKQBAxCb6SGrJvxk4Og"}
2025-12-13 23:03:27 POST: Array
(
)

2025-12-14 17:41:33 Raw Input: {"credential":"eyJhbGciOiJSUzI1NiIsImtpZCI6IjEzMGZkY2VmY2M4ZWQ3YmU2YmVkZmE2ZmM4Nzk3MjIwNDBjOTJiMzgiLCJ0eXAiOiJKV1QifQ.eyJpc3MiOiJodHRwczovL2FjY291bnRzLmdvb2dsZS5jb20iLCJhenAiOiI0ODU2ODExODUyMzgtMThsNWowYXRvaGI5YXViZ3ZlYXVjcDdyNWwwY2ZrNnEuYXBwcy5nb29nbGV1c2VyY29udGVudC5jb20iLCJhdWQiOiI0ODU2ODExODUyMzgtMThsNWowYXRvaGI5YXViZ3ZlYXVjcDdyNWwwY2ZrNnEuYXBwcy5nb29nbGV1c2VyY29udGVudC5jb20iLCJzdWIiOiIxMDU2NTE1MTA3MjU0OTMyNzY2MjQiLCJlbWFpbCI6Imsubm9ndWNoaTIwMDVAZ21haWwuY29tIiwiZW1haWxfdmVyaWZpZWQiOnRydWUsIm5iZiI6MTc2NTcwMTM5MiwibmFtZSI6IumHjuWPo-aBreS7iyIsInBpY3R1cmUiOiJodHRwczovL2xoMy5nb29nbGV1c2VyY29udGVudC5jb20vYS9BQ2c4b2NJMkxEcExaY25iaFFkb3NST2pmUTNWcjBRaU1xY3doV3E2QmFQMWVKYjBId1pJbUt3PXM5Ni1jIiwiZ2l2ZW5fbmFtZSI6IuaBreS7iyIsImZhbWlseV9uYW1lIjoi6YeO5Y-jIiwiaWF0IjoxNzY1NzAxNjkyLCJleHAiOjE3NjU3MDUyOTIsImp0aSI6Ijg1YmI0YmExNWM1YWUwMDQ3NTRhYmNlN2ZiY2NiYjcxNTY5YWQyZmIifQ.ZXMO5lyBS2zS2aBU_VxRscZIAAazxt7dxVOK5jV9u8N9pvu0FpkHmajd6tnJFt8Cex1qKZdR0kLU-rdMNyD0OFbKClpS4l86c8lsHY5IgD4LhFYp5TyNI9O_wjtG3OdnHukxKwgl2tbQ9AhYpcazg9DVikCv2ZJmWE3Fod5z1i9r6ZNMLewAM5QtuvwhZjuBFv6RKE0NNeXa_f263CpdMZN5ms_xV2TBcwwNxILfQZ81esbOOFBuAGWuBAaAmVqzhvvRjV8BD6m8H81jHnKCgA2iVI4Mj8K2fO3181EJ6C64S-SvQVAVQg8pFYq2sdR3YW4OYFK8S96FcU8Vo_bTjg"}
2025-12-14 17:41:33 POST: Array
(
)

2025-12-14 21:57:18 Raw Input: {"credential":"eyJhbGciOiJSUzI1NiIsImtpZCI6IjEzMGZkY2VmY2M4ZWQ3YmU2YmVkZmE2ZmM4Nzk3MjIwNDBjOTJiMzgiLCJ0eXAiOiJKV1QifQ.eyJpc3MiOiJodHRwczovL2FjY291bnRzLmdvb2dsZS5jb20iLCJhenAiOiI0ODU2ODExODUyMzgtMThsNWowYXRvaGI5YXViZ3ZlYXVjcDdyNWwwY2ZrNnEuYXBwcy5nb29nbGV1c2VyY29udGVudC5jb20iLCJhdWQiOiI0ODU2ODExODUyMzgtMThsNWowYXRvaGI5YXViZ3ZlYXVjcDdyNWwwY2ZrNnEuYXBwcy5nb29nbGV1c2VyY29udGVudC5jb20iLCJzdWIiOiIxMDU2NTE1MTA3MjU0OTMyNzY2MjQiLCJlbWFpbCI6Imsubm9ndWNoaTIwMDVAZ21haWwuY29tIiwiZW1haWxfdmVyaWZpZWQiOnRydWUsIm5iZiI6MTc2NTcxNjczNiwibmFtZSI6IumHjuWPo-aBreS7iyIsInBpY3R1cmUiOiJodHRwczovL2xoMy5nb29nbGV1c2VyY29udGVudC5jb20vYS9BQ2c4b2NJMkxEcExaY25iaFFkb3NST2pmUTNWcjBRaU1xY3doV3E2QmFQMWVKYjBId1pJbUt3PXM5Ni1jIiwiZ2l2ZW5fbmFtZSI6IuaBreS7iyIsImZhbWlseV9uYW1lIjoi6YeO5Y-jIiwiaWF0IjoxNzY1NzE3MDM2LCJleHAiOjE3NjU3MjA2MzYsImp0aSI6ImE4ZmQzMmExOGQxNGU4NjMwMzFlMTM1MmE4Nzg2Mzk2ZTE2NGRjMzEifQ.STclVwXaU0KZlN770ZP7lHsL_cpKTRlaXJWoVKZcRUGXsjwOgDLRobp4F-omOiuN64MXGTixT7IGYomfV6q9aZr0flDWXyehp-2xDc9mFyXNneX1zj9dftqQY95DOC7BadQEGKt_o1b8a98IIFOVXGmOQJkt0KsQz_68YXRHIio48ilqLHzCSK5ioR4KFpRBVk53HzSOb9COU-yuQctmI24A_zmF_Hh-7jDDJJSPXxrX2zOJUTsZgHjrB2P_Q4SAkuJctQ1NRnUoSwglwj4iKQm6OsvKV88LWtetEvFPhrCnpy7rLQemxq9U5LjWyF4KKzBhZqOI-kRr5qA9YP5E7Q"}
2025-12-14 21:57:18 POST: Array
(
)

