[[1;34mINFO[m] Scanning for projects...
[[1;34mINFO[m] 
[[1;34mINFO[m] [1m--------------------------< [0;36mcom.example:memo[0;1m >--------------------------[m
[[1;34mINFO[m] [1mBuilding memo 0.0.1-SNAPSHOT[m
[[1;34mINFO[m] [1m--------------------------------[ jar ]---------------------------------[m
[[1;34mINFO[m] 
[[1;34mINFO[m] [1m>>> [0;32mspring-boot-maven-plugin:3.3.3:run[m [1m(default-cli)[0;1m > [0;1mtest-compile[m @ [36mmemo[0;1m >>>[m
[[1;34mINFO[m] 
[[1;34mINFO[m] [1m--- [0;32mmaven-resources-plugin:3.3.1:resources[m [1m(default-resources)[m @ [36mmemo[0;1m ---[m
[[1;34mINFO[m] Copying 2 resources from src/main/resources to target/classes
[[1;34mINFO[m] Copying 8 resources from src/main/resources to target/classes
[[1;34mINFO[m] 
[[1;34mINFO[m] [1m--- [0;32mmaven-compiler-plugin:3.13.0:compile[m [1m(default-compile)[m @ [36mmemo[0;1m ---[m
[[1;34mINFO[m] Nothing to compile - all classes are up to date.
[[1;34mINFO[m] 
[[1;34mINFO[m] [1m--- [0;32mmaven-resources-plugin:3.3.1:testResources[m [1m(default-testResources)[m @ [36mmemo[0;1m ---[m
[[1;34mINFO[m] skip non existing resourceDirectory /home/k_noguchi2005/WEB/memo/src/test/resources
[[1;34mINFO[m] 
[[1;34mINFO[m] [1m--- [0;32mmaven-compiler-plugin:3.13.0:testCompile[m [1m(default-testCompile)[m @ [36mmemo[0;1m ---[m
[[1;34mINFO[m] Nothing to compile - all classes are up to date.
[[1;34mINFO[m] 
[[1;34mINFO[m] [1m<<< [0;32mspring-boot-maven-plugin:3.3.3:run[m [1m(default-cli)[0;1m < [0;1mtest-compile[m @ [36mmemo[0;1m <<<[m
[[1;34mINFO[m] 
[[1;34mINFO[m] 
[[1;34mINFO[m] [1m--- [0;32mspring-boot-maven-plugin:3.3.3:run[m [1m(default-cli)[m @ [36mmemo[0;1m ---[m
[[1;34mINFO[m] Attaching agents: []

  .   ____          _            __ _ _
 /\\ / ___'_ __ _ _(_)_ __  __ _ \ \ \ \
( ( )\___ | '_ | '_| | '_ \/ _` | \ \ \ \
 \\/  ___)| |_)| | | | | || (_| |  ) ) ) )
  '  |____| .__|_| |_|_| |_\__, | / / / /
 =========|_|==============|___/=/_/_/_/

 :: Spring Boot ::                (v3.3.3)

2025-09-24T18:17:33.060Z  INFO 60281 --- [memo] [  restartedMain] com.example.memo.MemoApplication         : Starting MemoApplication using Java 17.0.16 with PID 60281 (/home/k_noguchi2005/WEB/memo/target/classes started by k_noguchi2005 in /home/k_noguchi2005/WEB/memo)
2025-09-24T18:17:33.062Z DEBUG 60281 --- [memo] [  restartedMain] com.example.memo.MemoApplication         : Running with Spring Boot v3.3.3, Spring v6.1.12
2025-09-24T18:17:33.063Z  INFO 60281 --- [memo] [  restartedMain] com.example.memo.MemoApplication         : The following 1 profile is active: "dev"
2025-09-24T18:17:33.121Z  INFO 60281 --- [memo] [  restartedMain] .e.DevToolsPropertyDefaultsPostProcessor : Devtools property defaults active! Set 'spring.devtools.add-properties' to 'false' to disable
2025-09-24T18:17:33.121Z  INFO 60281 --- [memo] [  restartedMain] .e.DevToolsPropertyDefaultsPostProcessor : For additional web related logging consider setting the 'logging.level.web' property to 'DEBUG'
2025-09-24T18:17:33.969Z  INFO 60281 --- [memo] [  restartedMain] o.s.b.w.embedded.tomcat.TomcatWebServer  : Tomcat initialized with port 8080 (http)
2025-09-24T18:17:33.979Z  INFO 60281 --- [memo] [  restartedMain] o.apache.catalina.core.StandardService   : Starting service [Tomcat]
2025-09-24T18:17:33.980Z  INFO 60281 --- [memo] [  restartedMain] o.apache.catalina.core.StandardEngine    : Starting Servlet engine: [Apache Tomcat/10.1.28]
2025-09-24T18:17:34.008Z  INFO 60281 --- [memo] [  restartedMain] o.a.c.c.C.[Tomcat].[localhost].[/]       : Initializing Spring embedded WebApplicationContext
2025-09-24T18:17:34.009Z  INFO 60281 --- [memo] [  restartedMain] w.s.c.ServletWebServerApplicationContext : Root WebApplicationContext: initialization completed in 887 ms
2025-09-24T18:17:34.105Z  INFO 60281 --- [memo] [  restartedMain] o.s.b.a.w.s.WelcomePageHandlerMapping    : Adding welcome page template: index
2025-09-24T18:17:34.282Z  INFO 60281 --- [memo] [  restartedMain] o.s.b.d.a.OptionalLiveReloadServer       : LiveReload server is running on port 35729
2025-09-24T18:17:34.300Z  INFO 60281 --- [memo] [  restartedMain] o.s.b.w.embedded.tomcat.TomcatWebServer  : Tomcat started on port 8080 (http) with context path '/'
2025-09-24T18:17:34.308Z  INFO 60281 --- [memo] [  restartedMain] com.example.memo.MemoApplication         : Started MemoApplication in 1.575 seconds (process running for 1.876)
2025-09-24T18:17:37.376Z  INFO 60281 --- [memo] [nio-8080-exec-1] o.a.c.c.C.[Tomcat].[localhost].[/]       : Initializing Spring DispatcherServlet 'dispatcherServlet'
2025-09-24T18:17:37.376Z  INFO 60281 --- [memo] [nio-8080-exec-1] o.s.web.servlet.DispatcherServlet        : Initializing Servlet 'dispatcherServlet'
2025-09-24T18:17:37.377Z  INFO 60281 --- [memo] [nio-8080-exec-1] o.s.web.servlet.DispatcherServlet        : Completed initialization in 1 ms
